<?xml version='1.0' encoding='UTF-8'?>
<testsuite hostname="USCBGWL10207" name="forcomp.AnagramsSuite" tests="16" errors="0" failures="1" time="1.291">
                     <properties>
[...]
</properties>
                     <testcase classname="forcomp.AnagramsSuite" name="wordOccurrences: abcd" time="0.044">
                                                 
                                               </testcase><testcase classname="forcomp.AnagramsSuite" name="wordOccurrences: Robert" time="0.0">
                                                 
                                               </testcase><testcase classname="forcomp.AnagramsSuite" name="sentenceOccurrences: abcd e" time="0.0">
                                                 
                                               </testcase><testcase classname="forcomp.AnagramsSuite" name="get: eat" time="1.157">
                                                 
                                               </testcase><testcase classname="forcomp.AnagramsSuite" name="word anagrams: married" time="0.0">
                                                 
                                               </testcase><testcase classname="forcomp.AnagramsSuite" name="word anagrams: player" time="0.001">
                                                 
                                               </testcase><testcase classname="forcomp.AnagramsSuite" name="subtract: lard - r" time="0.002">
                                                 
                                               </testcase><testcase classname="forcomp.AnagramsSuite" name="combinations: []" time="0.0">
                                                 
                                               </testcase><testcase classname="forcomp.AnagramsSuite" name="combinations: [a, 1]" time="0.0">
                                                 
                                               </testcase><testcase classname="forcomp.AnagramsSuite" name="combinations: [a, 2]" time="0.0">
                                                 
                                               </testcase><testcase classname="forcomp.AnagramsSuite" name="combinations: [(a, 1), (b, 1)]" time="0.001">
                                                 
                                               </testcase><testcase classname="forcomp.AnagramsSuite" name="combinations: [(a, 1), (b, 2)]" time="0.0">
                                                 
                                               </testcase><testcase classname="forcomp.AnagramsSuite" name="combinations: [(a, 2), (b, 1)]" time="0.002">
                                                 
                                               </testcase><testcase classname="forcomp.AnagramsSuite" name="combinations: abba" time="0.0">
                                                 
                                               </testcase><testcase classname="forcomp.AnagramsSuite" name="sentence anagrams: []" time="0.0">
                                                 
                                               </testcase><testcase classname="forcomp.AnagramsSuite" name="sentence anagrams: Linux rulez" time="0.084">
                                                 <failure message="Set() did not equal Set(List(&quot;Zulu&quot;, &quot;nil&quot;, &quot;Rex&quot;), List(&quot;null&quot;, &quot;Uzi&quot;, &quot;Rex&quot;), List(&quot;Zulu&quot;, &quot;Lin&quot;, &quot;Rex&quot;), List(&quot;Uzi&quot;, &quot;null&quot;, &quot;Rex&quot;), List(&quot;Uzi&quot;, &quot;Rex&quot;, &quot;null&quot;), List(&quot;Rex&quot;, &quot;Uzi&quot;, &quot;null&quot;), List(&quot;Lin&quot;, &quot;Rex&quot;, &quot;Zulu&quot;), List(&quot;nil&quot;, &quot;Rex&quot;, &quot;Zulu&quot;), List(&quot;nil&quot;, &quot;Zulu&quot;, &quot;Rex&quot;), List(&quot;null&quot;, &quot;Rex&quot;, &quot;Uzi&quot;), List(&quot;Rex&quot;, &quot;Zulu&quot;, &quot;Lin&quot;), List(&quot;Rex&quot;, &quot;nil&quot;, &quot;Zulu&quot;), List(&quot;Rex&quot;, &quot;null&quot;, &quot;Uzi&quot;), List(&quot;Zulu&quot;, &quot;Rex&quot;, &quot;Lin&quot;), List(&quot;Zulu&quot;, &quot;Rex&quot;, &quot;nil&quot;), List(&quot;rulez&quot;, &quot;Linux&quot;), List(&quot;Rex&quot;, &quot;Lin&quot;, &quot;Zulu&quot;), List(&quot;Rex&quot;, &quot;Zulu&quot;, &quot;nil&quot;), List(&quot;Lin&quot;, &quot;Zulu&quot;, &quot;Rex&quot;), List(&quot;Linux&quot;, &quot;rulez&quot;))" type="org.scalatest.exceptions.TestFailedException">org.scalatest.exceptions.TestFailedException: Set() did not equal Set(List(&quot;Zulu&quot;, &quot;nil&quot;, &quot;Rex&quot;), List(&quot;null&quot;, &quot;Uzi&quot;, &quot;Rex&quot;), List(&quot;Zulu&quot;, &quot;Lin&quot;, &quot;Rex&quot;), List(&quot;Uzi&quot;, &quot;null&quot;, &quot;Rex&quot;), List(&quot;Uzi&quot;, &quot;Rex&quot;, &quot;null&quot;), List(&quot;Rex&quot;, &quot;Uzi&quot;, &quot;null&quot;), List(&quot;Lin&quot;, &quot;Rex&quot;, &quot;Zulu&quot;), List(&quot;nil&quot;, &quot;Rex&quot;, &quot;Zulu&quot;), List(&quot;nil&quot;, &quot;Zulu&quot;, &quot;Rex&quot;), List(&quot;null&quot;, &quot;Rex&quot;, &quot;Uzi&quot;), List(&quot;Rex&quot;, &quot;Zulu&quot;, &quot;Lin&quot;), List(&quot;Rex&quot;, &quot;nil&quot;, &quot;Zulu&quot;), List(&quot;Rex&quot;, &quot;null&quot;, &quot;Uzi&quot;), List(&quot;Zulu&quot;, &quot;Rex&quot;, &quot;Lin&quot;), List(&quot;Zulu&quot;, &quot;Rex&quot;, &quot;nil&quot;), List(&quot;rulez&quot;, &quot;Linux&quot;), List(&quot;Rex&quot;, &quot;Lin&quot;, &quot;Zulu&quot;), List(&quot;Rex&quot;, &quot;Zulu&quot;, &quot;nil&quot;), List(&quot;Lin&quot;, &quot;Zulu&quot;, &quot;Rex&quot;), List(&quot;Linux&quot;, &quot;rulez&quot;))
	at org.scalatest.Assertions$class.newAssertionFailedException(Assertions.scala:500)
	at org.scalatest.FunSuite.newAssertionFailedException(FunSuite.scala:1555)
	at org.scalatest.Assertions$AssertionsHelper.macroAssert(Assertions.scala:466)
	at forcomp.AnagramsSuite$$anonfun$16.apply$mcV$sp(AnagramsSuite.scala:136)
	at forcomp.AnagramsSuite$$anonfun$16.apply(AnagramsSuite.scala:110)
	at forcomp.AnagramsSuite$$anonfun$16.apply(AnagramsSuite.scala:110)
	at org.scalatest.Transformer$$anonfun$apply$1.apply$mcV$sp(Transformer.scala:22)
	at org.scalatest.OutcomeOf$class.outcomeOf(OutcomeOf.scala:85)
	at org.scalatest.OutcomeOf$.outcomeOf(OutcomeOf.scala:104)
	at org.scalatest.Transformer.apply(Transformer.scala:22)
	at org.scalatest.Transformer.apply(Transformer.scala:20)
	at org.scalatest.FunSuiteLike$$anon$1.apply(FunSuiteLike.scala:166)
	at org.scalatest.Suite$class.withFixture(Suite.scala:1122)
	at org.scalatest.FunSuite.withFixture(FunSuite.scala:1555)
	at org.scalatest.FunSuiteLike$class.invokeWithFixture$1(FunSuiteLike.scala:163)
	at org.scalatest.FunSuiteLike$$anonfun$runTest$1.apply(FunSuiteLike.scala:175)
	at org.scalatest.FunSuiteLike$$anonfun$runTest$1.apply(FunSuiteLike.scala:175)
	at org.scalatest.SuperEngine.runTestImpl(Engine.scala:306)
	at org.scalatest.FunSuiteLike$class.runTest(FunSuiteLike.scala:175)
	at org.scalatest.FunSuite.runTest(FunSuite.scala:1555)
	at org.scalatest.FunSuiteLike$$anonfun$runTests$1.apply(FunSuiteLike.scala:208)
	at org.scalatest.FunSuiteLike$$anonfun$runTests$1.apply(FunSuiteLike.scala:208)
	at org.scalatest.SuperEngine$$anonfun$traverseSubNodes$1$1.apply(Engine.scala:413)
	at org.scalatest.SuperEngine$$anonfun$traverseSubNodes$1$1.apply(Engine.scala:401)
	at scala.collection.immutable.List.foreach(List.scala:381)
	at org.scalatest.SuperEngine.traverseSubNodes$1(Engine.scala:401)
	at org.scalatest.SuperEngine.org$scalatest$SuperEngine$$runTestsInBranch(Engine.scala:396)
	at org.scalatest.SuperEngine.runTestsImpl(Engine.scala:483)
	at org.scalatest.FunSuiteLike$class.runTests(FunSuiteLike.scala:208)
	at org.scalatest.FunSuite.runTests(FunSuite.scala:1555)
	at org.scalatest.Suite$class.run(Suite.scala:1424)
	at org.scalatest.FunSuite.org$scalatest$FunSuiteLike$$super$run(FunSuite.scala:1555)
	at org.scalatest.FunSuiteLike$$anonfun$run$1.apply(FunSuiteLike.scala:212)
	at org.scalatest.FunSuiteLike$$anonfun$run$1.apply(FunSuiteLike.scala:212)
	at org.scalatest.SuperEngine.runImpl(Engine.scala:545)
	at org.scalatest.FunSuiteLike$class.run(FunSuiteLike.scala:212)
	at org.scalatest.FunSuite.run(FunSuite.scala:1555)
	at org.scalatest.tools.Framework.org$scalatest$tools$Framework$$runSuite(Framework.scala:466)
	at org.scalatest.tools.Framework$ScalaTestTask.execute(Framework.scala:677)
	at sbt.TestRunner.runTest$1(TestFramework.scala:76)
	at sbt.TestRunner.run(TestFramework.scala:85)
	at sbt.TestFramework$$anon$2$$anonfun$$init$$1$$anonfun$apply$8.apply(TestFramework.scala:202)
	at sbt.TestFramework$$anon$2$$anonfun$$init$$1$$anonfun$apply$8.apply(TestFramework.scala:202)
	at sbt.TestFramework$.sbt$TestFramework$$withContextLoader(TestFramework.scala:185)
	at sbt.TestFramework$$anon$2$$anonfun$$init$$1.apply(TestFramework.scala:202)
	at sbt.TestFramework$$anon$2$$anonfun$$init$$1.apply(TestFramework.scala:202)
	at sbt.TestFunction.apply(TestFramework.scala:207)
	at sbt.Tests$$anonfun$9.apply(Tests.scala:216)
	at sbt.Tests$$anonfun$9.apply(Tests.scala:216)
	at sbt.std.Transform$$anon$3$$anonfun$apply$2.apply(System.scala:44)
	at sbt.std.Transform$$anon$3$$anonfun$apply$2.apply(System.scala:44)
	at sbt.std.Transform$$anon$4.work(System.scala:63)
	at sbt.Execute$$anonfun$submit$1$$anonfun$apply$1.apply(Execute.scala:226)
	at sbt.Execute$$anonfun$submit$1$$anonfun$apply$1.apply(Execute.scala:226)
	at sbt.ErrorHandling$.wideConvert(ErrorHandling.scala:17)
	at sbt.Execute.work(Execute.scala:235)
	at sbt.Execute$$anonfun$submit$1.apply(Execute.scala:226)
	at sbt.Execute$$anonfun$submit$1.apply(Execute.scala:226)
	at sbt.ConcurrentRestrictions$$anon$4$$anonfun$1.apply(ConcurrentRestrictions.scala:159)
	at sbt.CompletionService$$anon$2.call(CompletionService.scala:28)
	at java.util.concurrent.FutureTask.run(Unknown Source)
	at java.util.concurrent.Executors$RunnableAdapter.call(Unknown Source)
	at java.util.concurrent.FutureTask.run(Unknown Source)
	at java.util.concurrent.ThreadPoolExecutor.runWorker(Unknown Source)
	at java.util.concurrent.ThreadPoolExecutor$Worker.run(Unknown Source)
	at java.lang.Thread.run(Unknown Source)
</failure>
                                               </testcase>
                     <system-out></system-out>
                     <system-err></system-err>
                   </testsuite>