[0m[[0mdebug[0m] [0mRunning TaskDef(example.ListsSuite, org.scalatest.tools.Framework$$anon$1@69a5eb, false, [SuiteSelector])[0m
[0m[[0mdebug[0m] [0mRunning TaskDef(example.ListsTest, org.scalatest.tools.Framework$$anon$1@69a5eb, false, [SuiteSelector])[0m
[0m[[0minfo[0m] [0m[36mRun completed in 219 milliseconds.[0m[0m
[0m[[0minfo[0m] [0m[36mTotal number of tests run: 11[0m[0m
[0m[[0minfo[0m] [0m[36mSuites: completed 2, aborted 0[0m[0m
[0m[[0minfo[0m] [0m[36mTests: succeeded 9, failed 2, canceled 0, ignored 0, pending 0[0m[0m
[0m[[0minfo[0m] [0m[31m*** 2 TESTS FAILED ***[0m[0m
[0m[[0mdebug[0m] [0mPassed tests:[0m
[0m[[0mdebug[0m] [0m	example.ListsTest[0m
[0m[[31merror[0m] [0mFailed tests:[0m
[0m[[31merror[0m] [0m	example.ListsSuite[0m
[0m[[31merror[0m] [0m(test:[31mtest[0m) sbt.TestsFailedException: Tests unsuccessful[0m
